build/app/outputs/mapping/release/seeds.txt
androidx.core.view.WindowInsetsCompat$Impl28: WindowInsetsCompat$Impl28(androidx.core.view.WindowInsetsCompat,android.view.WindowInsets)
androidx.window.embedding.ExtensionEmbeddingBackend: void setEmbeddingExtension(androidx.window.embedding.EmbeddingInterfaceCompat)
io.flutter.embedding.engine.FlutterJNI: void ensureRunningOnMainThread()
androidx.window.embedding.EmbeddingAdapter: boolean translateParentMetricsPredicate$lambda-4(androidx.window.embedding.SplitRule,android.view.WindowMetrics)
kotlin.jvm.internal.CallableReference: kotlin.reflect.KCallable computeReflected()
kotlinx.coroutines.android.AndroidDispatcherFactory: kotlinx.coroutines.android.HandlerContext createDispatcher(java.util.List)
androidx.window.layout.HardwareFoldingFeature: HardwareFoldingFeature(androidx.window.core.Bounds,androidx.window.layout.HardwareFoldingFeature$Type,androidx.window.layout.FoldingFeature$State)
io.flutter.plugin.platform.SingleViewPresentation: void onCreate(android.os.Bundle)
kotlinx.coroutines.android.AndroidDispatcherFactory: kotlinx.coroutines.MainCoroutineDispatcher createDispatcher(java.util.List)
androidx.window.layout.EmptyDecorator: androidx.window.layout.WindowInfoTracker decorate(androidx.window.layout.WindowInfoTracker)
androidx.window.layout.SidecarWindowBackend$WindowLayoutChangeCallbackWrapper: void setLastInfo(androidx.window.layout.WindowLayoutInfo)
io.flutter.embedding.engine.FlutterJNI: void onEndFrame()
io.flutter.embedding.engine.FlutterJNI: void SetIsRenderingToImageView(boolean)
kotlinx.coroutines.android.AndroidDispatcherFactory: java.lang.String hintOnError()
kotlin.jvm.internal.TypeIntrinsics: TypeIntrinsics()
io.flutter.plugin.platform.PlatformViewWrapper: void setOnDescendantFocusChangeListener(android.view.View$OnFocusChangeListener)
androidx.window.layout.SidecarAdapter$Companion: SidecarAdapter$Companion(kotlin.jvm.internal.DefaultConstructorMarker)
androidx.window.core.Version$Companion: androidx.window.core.Version getVERSION_1_0()
androidx.window.layout.WindowMetrics: WindowMetrics(android.graphics.Rect)
io.flutter.embedding.engine.systemchannels.LifecycleChannel$AppLifecycleState: io.flutter.embedding.engine.systemchannels.LifecycleChannel$AppLifecycleState valueOf(java.lang.String)
androidx.window.embedding.ExtensionEmbeddingBackend: java.util.Set getSplitRules()
androidx.window.layout.SidecarWindowBackend: androidx.window.layout.SidecarWindowBackend access$getGlobalInstance$cp()
androidx.window.embedding.ExtensionEmbeddingBackend$EmbeddingCallbackImpl: void onSplitInfoChanged(java.util.List)
kotlin.jvm.internal.CallableReference: java.lang.Object call(java.lang.Object[])
androidx.window.core.Version: boolean equals(java.lang.Object)
kotlin.jvm.internal.ReflectionFactory: ReflectionFactory()
androidx.core.view.WindowInsetsCompat$Impl30: androidx.core.graphics.Insets getInsets(int)
androidx.window.java.layout.WindowInfoTrackerCallbackAdapter: WindowInfoTrackerCallbackAdapter(androidx.window.layout.WindowInfoTracker)
io.flutter.embedding.engine.FlutterJNI: boolean isAttached()
androidx.window.layout.WindowInfoTrackerImpl$windowLayoutInfo$1: WindowInfoTrackerImpl$windowLayoutInfo$1(androidx.window.layout.WindowInfoTrackerImpl,android.app.Activity,kotlin.coroutines.Continuation)
androidx.window.embedding.SplitInfo: boolean equals(java.lang.Object)
androidx.window.embedding.ActivityRule: ActivityRule(java.util.Set,boolean,int,kotlin.jvm.internal.DefaultConstructorMarker)
androidx.core.view.WindowInsetsCompat$Impl: boolean isVisible(int)
androidx.core.view.WindowInsetsCompat$Impl30: void copyRootViewBounds(android.view.View)
androidx.window.layout.HardwareFoldingFeature$Companion: HardwareFoldingFeature$Companion(kotlin.jvm.internal.DefaultConstructorMarker)
androidx.core.view.WindowInsetsCompat$Impl20: boolean isTypeVisible(int)
androidx.window.embedding.SplitInfo: boolean contains(android.app.Activity)