build/app/outputs/mapping/release/mapping.txt
# compiler: R8
# compiler_version: 3.3.70
# min_api: 19
# common_typos_disable
# {"id":"com.android.tools.r8.mapping","version":"2.0"}
# pg_map_id: a92cf65
# pg_map_hash: SHA-256 a92cf652fa970ea3b2dbbf6735acce8786ec55f5fd742097a46ba9fb46c57b92
...
kotlinx.coroutines.InactiveNodeList -> s0.e1:
    kotlinx.coroutines.NodeList list -> d
    boolean isActive() -> b
    kotlinx.coroutines.NodeList getList() -> f
kotlinx.coroutines.Incomplete -> s0.f1:
    boolean isActive() -> b
    kotlinx.coroutines.NodeList getList() -> f
kotlinx.coroutines.IncompleteStateBox -> s0.g1:
    kotlinx.coroutines.Incomplete state -> a
kotlinx.coroutines.InvokeOnCancel -> s0.h1:
    kotlin.jvm.functions.Function1 handler -> d
    void invoke(java.lang.Throwable) -> a
kotlinx.coroutines.InvokeOnCancelling -> s0.i1:
    kotlin.jvm.functions.Function1 handler -> h
    java.util.concurrent.atomic.AtomicIntegerFieldUpdater _invoked$FU -> i
    void invoke(java.lang.Throwable) -> y
kotlinx.coroutines.InvokeOnCompletion -> s0.j1:
    kotlin.jvm.functions.Function1 handler -> h
    void invoke(java.lang.Throwable) -> y
kotlinx.coroutines.Job -> s0.k1:
    kotlinx.coroutines.Job$Key Key -> c
    boolean isActive() -> b
    kotlinx.coroutines.ChildHandle attachChild(kotlinx.coroutines.ChildJob) -> d
    java.util.concurrent.CancellationException getCancellationException() -> f
    kotlinx.coroutines.DisposableHandle invokeOnCompletion(boolean,boolean,kotlin.jvm.functions.Function1) -> h
    void cancel(java.util.concurrent.CancellationException) -> m
kotlinx.coroutines.Job$DefaultImpls -> s0.k1$a:
    void cancel$default(kotlinx.coroutines.Job,java.util.concurrent.CancellationException,int,java.lang.Object) -> a
    java.lang.Object fold(kotlinx.coroutines.Job,java.lang.Object,kotlin.jvm.functions.Function2) -> b
    kotlin.coroutines.CoroutineContext$Element get(kotlinx.coroutines.Job,kotlin.coroutines.CoroutineContext$Key) -> c
    kotlinx.coroutines.DisposableHandle invokeOnCompletion$default(kotlinx.coroutines.Job,boolean,boolean,kotlin.jvm.functions.Function1,int,java.lang.Object) -> d
    kotlin.coroutines.CoroutineContext minusKey(kotlinx.coroutines.Job,kotlin.coroutines.CoroutineContext$Key) -> e
    kotlin.coroutines.CoroutineContext plus(kotlinx.coroutines.Job,kotlin.coroutines.CoroutineContext) -> f
kotlinx.coroutines.Job$Key -> s0.k1$b:
    kotlinx.coroutines.Job$Key $$INSTANCE -> d
kotlinx.coroutines.JobCancellationException -> s0.l1:
    kotlinx.coroutines.Job job -> d
kotlinx.coroutines.JobCancellingNode -> s0.m1:
kotlinx.coroutines.JobImpl -> s0.n1:
    boolean handlesException -> e
    boolean getHandlesException$kotlinx_coroutines_core() -> K
    boolean getOnCancelComplete$kotlinx_coroutines_core() -> L
    boolean handlesException() -> s0
kotlinx.coroutines.JobKt -> s0.o1:
    kotlinx.coroutines.CompletableJob Job(kotlinx.coroutines.Job) -> a
    kotlinx.coroutines.CompletableJob Job$default(kotlinx.coroutines.Job,int,java.lang.Object) -> b
    void cancel(kotlin.coroutines.CoroutineContext,java.util.concurrent.CancellationException) -> c
    void ensureActive(kotlin.coroutines.CoroutineContext) -> d
    void ensureActive(kotlinx.coroutines.Job) -> e
kotlinx.coroutines.JobKt__JobKt -> s0.p1:
    kotlinx.coroutines.CompletableJob Job(kotlinx.coroutines.Job) -> a
    kotlinx.coroutines.CompletableJob Job$default(kotlinx.coroutines.Job,int,java.lang.Object) -> b
    void cancel(kotlin.coroutines.CoroutineContext,java.util.concurrent.CancellationException) -> c
    void ensureActive(kotlin.coroutines.CoroutineContext) -> d
    void ensureActive(kotlinx.coroutines.Job) -> e
kotlinx.coroutines.JobNode -> s0.q1:
    kotlinx.coroutines.JobSupport job -> g
    void setJob(kotlinx.coroutines.JobSupport) -> A
    void dispose() -> a
    boolean isActive() -> b
    kotlinx.coroutines.NodeList getList() -> f
    kotlinx.coroutines.JobSupport getJob() -> z