build/app/outputs/mapping/release/usage.txt
io.flutter.embedding.engine.plugins.shim.ShimPluginRegistry
io.flutter.embedding.engine.plugins.shim.ShimRegistrar
io.flutter.embedding.engine.plugins.util.GeneratedPluginRegister:
    private static final java.lang.String TAG
    public void <init>()
io.flutter.embedding.engine.renderer.FlutterRenderer$SurfaceTextureRegistryEntry:
    public void release()
    private void removeListener()
io.flutter.embedding.engine.renderer.FlutterRenderer$ViewportMetrics:
    public static final int unsetValue
io.flutter.embedding.engine.renderer.FlutterRenderer:
    private static final java.lang.String TAG
    public void dispatchSemanticsAction(int,int,java.nio.ByteBuffer,int)
    public android.graphics.Bitmap getBitmap()
    void removeOnTrimMemoryListener(io.flutter.view.TextureRegistry$OnTrimMemoryListener)
    public void setAccessibilityFeatures(int)
io.flutter.embedding.engine.systemchannels.AccessibilityChannel:
    private static final java.lang.String TAG
io.flutter.embedding.engine.systemchannels.DeferredComponentChannel:
    private static final java.lang.String TAG
    public void completeInstallError(java.lang.String,java.lang.String)
    public void completeInstallSuccess(java.lang.String)
io.flutter.embedding.engine.systemchannels.KeyEventChannel$FlutterKeyEvent:
    public void <init>(android.view.KeyEvent)
io.flutter.embedding.engine.systemchannels.KeyEventChannel:
    private static final java.lang.String TAG
io.flutter.embedding.engine.systemchannels.LifecycleChannel:
    private static final java.lang.String CHANNEL_NAME
    private static final java.lang.String TAG
io.flutter.embedding.engine.systemchannels.LocalizationChannel:
    private static final java.lang.String TAG
io.flutter.embedding.engine.systemchannels.MouseCursorChannel:
    private static final java.lang.String TAG
    public void synthesizeMethodCall(io.flutter.plugin.common.MethodCall,io.flutter.plugin.common.MethodChannel$Result)
io.flutter.embedding.engine.systemchannels.NavigationChannel:
    private static final java.lang.String TAG
    public void pushRoute(java.lang.String)
    public void setMethodCallHandler(io.flutter.plugin.common.MethodChannel$MethodCallHandler)
io.flutter.embedding.engine.systemchannels.PlatformChannel:
    private static final java.lang.String TAG
io.flutter.embedding.engine.systemchannels.PlatformViewsChannel$PlatformViewCreationRequest:
    public void <init>(int,java.lang.String,double,double,double,double,int,java.nio.ByteBuffer)
io.flutter.embedding.engine.systemchannels.PlatformViewsChannel$PlatformViewsHandler:
    public static final long NON_TEXTURE_FALLBACK
io.flutter.embedding.engine.systemchannels.PlatformViewsChannel:
    private static final java.lang.String TAG
io.flutter.embedding.engine.systemchannels.RestorationChannel:
    private static final java.lang.String TAG
io.flutter.embedding.engine.systemchannels.SettingsChannel:
    private static final java.lang.String ALWAYS_USE_24_HOUR_FORMAT
    private static final java.lang.String BRIEFLY_SHOW_PASSWORD
    public static final java.lang.String CHANNEL_NAME
    private static final java.lang.String CONFIGURATION_ID
    private static final java.lang.String NATIVE_SPELL_CHECK_SERVICE_DEFINED
    private static final java.lang.String PLATFORM_BRIGHTNESS
    private static final java.lang.String TAG
    private static final java.lang.String TEXT_SCALE_FACTOR
io.flutter.embedding.engine.systemchannels.SpellCheckChannel:
    private static final java.lang.String TAG
io.flutter.embedding.engine.systemchannels.SystemChannel:
    private static final java.lang.String TAG
io.flutter.embedding.engine.systemchannels.TextInputChannel:
    private static final java.lang.String TAG
io.flutter.plugin.common.ActivityLifecycleListener